dataset: /home/itsatony/code/loom/datasets/frames-batch-v1/seed-25 (275 episodes, 609 queries)

condition                 rep+      rep-     comp+     comp-  rev.flip   rev.ret   find=
always-true              60/60      0/59     80/80      0/66      0/24     24/24    0/20
always-false              0/60     59/59      0/80     66/66     24/24      0/24    0/20
episode-grep             60/60     58/59      0/80     66/66     24/24      0/24    0/20
stale-oracle             60/60     59/59     80/80     66/66      0/24     24/24   12/20
oracle                   60/60     59/59     80/80     66/66     24/24     24/24   20/20
loom-C2a                 60/60     59/59     80/80     66/66     24/24     24/24   20/20
loom-c2b-det              0/60     59/59      0/80     66/66     24/24      0/24    0/20
frame-oracle             60/60     59/59     80/80     66/66     24/24     24/24   20/20
mono-world               60/60     58/59     77/80     62/66     22/24     24/24    7/20
isolationist             60/60     59/59     80/80     66/66     24/24     24/24   20/20
literalist               60/60     59/59     80/80     66/66     23/24     24/24   19/20

frame slices (traps are negatives, paired controls positives):
condition                cont+     cont-      iso+      iso-      pin+      pin-     prom+     prom-    mis=   idea=
always-true              52/52      0/52     48/48      0/27     16/16      0/16     15/15      0/10    0/20    6/20
always-false              0/52     52/52      0/48     27/27      0/16     16/16      0/15     10/10    0/20    6/20
episode-grep             52/52      0/52     27/48     19/27      0/16     16/16     15/15      0/10    0/20    0/20
stale-oracle             52/52     52/52     22/48     17/27     10/16      6/16     11/15     10/10    0/20   10/20
oracle                   52/52     52/52     19/48     19/27      9/16      7/16     11/15     10/10    0/20   10/20
loom-C2a                 52/52     52/52     48/48     27/27     16/16     16/16     15/15     10/10   20/20   20/20
loom-c2b-det              0/52     52/52      0/48     27/27      0/16     16/16      0/15     10/10    0/20    6/20
frame-oracle             52/52     52/52     48/48     27/27     16/16     16/16     15/15     10/10   20/20   20/20
mono-world               52/52      6/52     39/48      8/27      9/16      7/16     15/15      0/10    0/20    0/20
isolationist             52/52     52/52     16/48     27/27      0/16     16/16     15/15     10/10   16/20   16/20
literalist               52/52     40/52     48/48     27/27     16/16     16/16     15/15     10/10   20/20   20/20

contamination by sub-population (trap-/control+ correct):
condition               contradiction              gap            quote          sarcasm
always-true                0/20/20/20       0/20/20/20          0/6/6/6          0/6/6/6
always-false               20/20/0/20       20/20/0/20          6/6/0/6          6/6/0/6
episode-grep               0/20/20/20       0/20/20/20          0/6/6/6          0/6/6/6
stale-oracle              20/20/20/20      20/20/20/20          6/6/6/6          6/6/6/6
oracle                    20/20/20/20      20/20/20/20          6/6/6/6          6/6/6/6
loom-C2a                  20/20/20/20      20/20/20/20          6/6/6/6          6/6/6/6
loom-c2b-det               20/20/0/20       20/20/0/20          6/6/0/6          6/6/0/6
frame-oracle              20/20/20/20      20/20/20/20          6/6/6/6          6/6/6/6
mono-world                 0/20/20/20       0/20/20/20          0/6/6/6          6/6/6/6
isolationist              20/20/20/20      20/20/20/20          6/6/6/6          6/6/6/6
literalist                20/20/20/20      20/20/20/20          0/6/6/6          0/6/6/6

composition accuracy by derivation depth:
condition                  d1       d2
always-true              0.51     0.60
always-false             0.49     0.40
episode-grep             0.49     0.40
stale-oracle             1.00     1.00
oracle                   1.00     1.00
loom-C2a                 1.00     1.00
loom-c2b-det             0.49     0.40
frame-oracle             1.00     1.00
mono-world               0.96     0.94
isolationist             1.00     1.00
literalist               1.00     1.00

retrieval provenance probe (upper bound for RAG conditions):

[bm25]
retriever        k  slice         full-coverage   episode-recall
bm25             4  composition           0/100           26/440
bm25             4  contamination          49/52            49/52
bm25             4  isolation             27/48           43/140
bm25             4  pinning                0/16            13/93
bm25             4  promotion             14/15            14/15
bm25             4  repetition            58/60            58/60
bm25             4  revision               0/48           53/275
bm25             8  composition           0/100           76/440
bm25             8  contamination          52/52            52/52
bm25             8  isolation             28/48           52/140
bm25             8  pinning                1/16            24/93
bm25             8  promotion             15/15            15/15
bm25             8  repetition            60/60            60/60
bm25             8  revision               0/48           82/275
bm25            16  composition           0/100          140/440
bm25            16  contamination          52/52            52/52
bm25            16  isolation             29/48           63/140
bm25            16  pinning                1/16            39/93
bm25            16  promotion             15/15            15/15
bm25            16  repetition            60/60            60/60
bm25            16  revision               0/48          117/275

JSON report: /home/itsatony/code/loom/results/naturalize-batch-v1/harness-natural-seed-25.json
