dataset: /home/itsatony/code/loom/datasets/frames-batch-v1/seed-8 (328 episodes, 619 queries)

condition                 rep+      rep-     comp+     comp-  rev.flip   rev.ret   find=
always-true              60/60      0/59     80/80      0/79      0/24     24/24    0/20
always-false              0/60     59/59      0/80     79/79     24/24      0/24    0/20
episode-grep             60/60     59/59      0/80     79/79     24/24      0/24    0/20
stale-oracle             60/60     59/59     80/80     79/79      0/24     24/24   17/20
oracle                   60/60     59/59     80/80     79/79     24/24     24/24   20/20
loom-C2a                 60/60     59/59     80/80     79/79     24/24     24/24   20/20
loom-c2b-det              2/60     59/59      0/80     79/79     24/24      0/24    0/20
frame-oracle             60/60     59/59     80/80     79/79     24/24     24/24   20/20
mono-world               60/60     59/59     78/80     76/79     23/24     24/24   11/20
isolationist             60/60     59/59     80/80     79/79     24/24     24/24   20/20
literalist               60/60     59/59     80/80     78/79     24/24     24/24   14/20

frame slices (traps are negatives, paired controls positives):
condition                cont+     cont-      iso+      iso-      pin+      pin-     prom+     prom-    mis=   idea=
always-true              51/51      0/51     47/47      0/27     16/16      0/16     15/15      0/10    0/20    6/20
always-false              0/51     51/51      0/47     27/27      0/16     16/16      0/15     10/10    0/20    6/20
episode-grep             51/51      0/51     27/47     19/27      1/16     15/16     15/15      0/10    0/20    0/20
stale-oracle             51/51     51/51     25/47     13/27     13/16      3/16     11/15     10/10    0/20   10/20
oracle                   51/51     51/51     19/47     19/27     11/16      5/16     11/15     10/10    0/20   10/20
loom-C2a                 51/51     51/51     47/47     27/27     16/16     16/16     15/15     10/10   20/20   20/20
loom-c2b-det              0/51     51/51      0/47     27/27      0/16     16/16      0/15     10/10    0/20    6/20
frame-oracle             51/51     51/51     47/47     27/27     16/16     16/16     15/15     10/10   20/20   20/20
mono-world               51/51      5/51     43/47      4/27      8/16      8/16     15/15      0/10    0/20    0/20
isolationist             51/51     51/51     15/47     27/27      0/16     16/16     15/15     10/10   16/20   17/20
literalist               51/51     40/51     47/47     27/27     16/16     16/16     15/15     10/10   20/20   20/20

contamination by sub-population (trap-/control+ correct):
condition               contradiction              gap            quote          sarcasm
always-true                0/20/20/20       0/20/20/20          0/6/6/6          0/5/5/5
always-false               20/20/0/20       20/20/0/20          6/6/0/6          5/5/0/5
episode-grep               0/20/20/20       0/20/20/20          0/6/6/6          0/5/5/5
stale-oracle              20/20/20/20      20/20/20/20          6/6/6/6          5/5/5/5
oracle                    20/20/20/20      20/20/20/20          6/6/6/6          5/5/5/5
loom-C2a                  20/20/20/20      20/20/20/20          6/6/6/6          5/5/5/5
loom-c2b-det               20/20/0/20       20/20/0/20          6/6/0/6          5/5/0/5
frame-oracle              20/20/20/20      20/20/20/20          6/6/6/6          5/5/5/5
mono-world                 0/20/20/20       0/20/20/20          0/6/6/6          5/5/5/5
isolationist              20/20/20/20      20/20/20/20          6/6/6/6          5/5/5/5
literalist                20/20/20/20      20/20/20/20          0/6/6/6          0/5/5/5

composition accuracy by derivation depth:
condition                  d2       d3
always-true              0.50     0.50
always-false             0.50     0.50
episode-grep             0.50     0.50
stale-oracle             1.00     1.00
oracle                   1.00     1.00
loom-C2a                 1.00     1.00
loom-c2b-det             0.50     0.50
frame-oracle             1.00     1.00
mono-world               0.98     0.91
isolationist             1.00     1.00
literalist               1.00     0.95

retrieval provenance probe (upper bound for RAG conditions):

[bm25]
retriever        k  slice         full-coverage   episode-recall
bm25             4  composition           0/100           36/697
bm25             4  contamination          47/51            47/51
bm25             4  isolation             24/47           40/194
bm25             4  pinning                1/16            8/108
bm25             4  promotion             13/15            13/15
bm25             4  repetition            51/60            51/60
bm25             4  revision               0/48           27/325
bm25             8  composition           0/100           82/697
bm25             8  contamination          51/51            51/51
bm25             8  isolation             26/47           51/194
bm25             8  pinning                1/16           10/108
bm25             8  promotion             15/15            15/15
bm25             8  repetition            60/60            60/60
bm25             8  revision               0/48           60/325
bm25            16  composition           0/100          204/697
bm25            16  contamination          51/51            51/51
bm25            16  isolation             27/47           74/194
bm25            16  pinning                1/16           27/108
bm25            16  promotion             15/15            15/15
bm25            16  repetition            60/60            60/60
bm25            16  revision               1/48           98/325

JSON report: /home/itsatony/code/loom/results/naturalize-batch-v1/harness-natural-seed-8.json
