dataset: /home/itsatony/code/loom/datasets/frames-batch-v1/seed-10 (250 episodes, 611 queries)

condition                 rep+      rep-     comp+     comp-  rev.flip   rev.ret   find=
always-true              60/60      0/60     80/80      0/71      0/24     24/24    0/20
always-false              0/60     60/60      0/80     71/71     24/24      0/24    0/20
episode-grep             60/60     59/60      0/80     71/71     24/24      0/24    0/20
stale-oracle             60/60     60/60     80/80     71/71      0/24     24/24    9/20
oracle                   60/60     60/60     80/80     71/71     24/24     24/24   20/20
loom-C2a                 60/60     60/60     80/80     71/71     24/24     24/24   20/20
loom-c2b-det              0/60     60/60      0/80     71/71     24/24      0/24    0/20
frame-oracle             60/60     60/60     80/80     71/71     24/24     24/24   20/20
mono-world               60/60     59/60     79/80     65/71     20/24     24/24   10/20
isolationist             60/60     60/60     80/80     71/71     24/24     24/24   20/20
literalist               60/60     60/60     80/80     71/71     24/24     24/24   18/20

frame slices (traps are negatives, paired controls positives):
condition                cont+     cont-      iso+      iso-      pin+      pin-     prom+     prom-    mis=   idea=
always-true              51/51      0/51     48/48      0/28     16/16      0/15     13/13      0/10    0/20    6/20
always-false              0/51     51/51      0/48     28/28      0/16     15/15      0/13     10/10    0/20    6/20
episode-grep             51/51      0/51     28/48     20/28      1/16     15/15     13/13      0/10    0/20    0/20
stale-oracle             51/51     51/51     24/48     16/28     16/16      0/15      9/13     10/10    0/20   10/20
oracle                   51/51     51/51     20/48     20/28      9/16      7/15      9/13     10/10    0/20   10/20
loom-C2a                 51/51     51/51     48/48     28/28     16/16     15/15     13/13     10/10   20/20   20/20
loom-c2b-det              0/51     51/51      0/48     28/28      0/16     15/15      0/13     10/10    0/20    6/20
frame-oracle             51/51     51/51     48/48     28/28     16/16     15/15     13/13     10/10   20/20   20/20
mono-world               51/51      5/51     45/48      3/28     10/16      6/15     13/13      0/10    0/20    0/20
isolationist             51/51     51/51     16/48     28/28      0/16     15/15     13/13     10/10   16/20   17/20
literalist               51/51     40/51     48/48     28/28     16/16     15/15     13/13     10/10   20/20   18/20

contamination by sub-population (trap-/control+ correct):
condition               contradiction              gap            quote          sarcasm
always-true                0/20/20/20       0/20/20/20          0/6/6/6          0/5/5/5
always-false               20/20/0/20       20/20/0/20          6/6/0/6          5/5/0/5
episode-grep               0/20/20/20       0/20/20/20          0/6/6/6          0/5/5/5
stale-oracle              20/20/20/20      20/20/20/20          6/6/6/6          5/5/5/5
oracle                    20/20/20/20      20/20/20/20          6/6/6/6          5/5/5/5
loom-C2a                  20/20/20/20      20/20/20/20          6/6/6/6          5/5/5/5
loom-c2b-det               20/20/0/20       20/20/0/20          6/6/0/6          5/5/0/5
frame-oracle              20/20/20/20      20/20/20/20          6/6/6/6          5/5/5/5
mono-world                 0/20/20/20       0/20/20/20          0/6/6/6          5/5/5/5
isolationist              20/20/20/20      20/20/20/20          6/6/6/6          5/5/5/5
literalist                20/20/20/20      20/20/20/20          0/6/6/6          0/5/5/5

composition accuracy by derivation depth:
condition                  d1
always-true              0.53
always-false             0.47
episode-grep             0.47
stale-oracle             1.00
oracle                   1.00
loom-C2a                 1.00
loom-c2b-det             0.47
frame-oracle             1.00
mono-world               0.95
isolationist             1.00
literalist               1.00

retrieval provenance probe (upper bound for RAG conditions):

[bm25]
retriever        k  slice         full-coverage   episode-recall
bm25             4  composition           0/100          119/417
bm25             4  contamination          50/51            50/51
bm25             4  isolation             28/48           37/112
bm25             4  pinning                1/16            17/81
bm25             4  promotion             12/13            12/13
bm25             4  repetition            58/60            58/60
bm25             4  revision               0/48           64/270
bm25             8  composition           0/100          180/417
bm25             8  contamination          51/51            51/51
bm25             8  isolation             28/48           50/112
bm25             8  pinning                1/16            28/81
bm25             8  promotion             13/13            13/13
bm25             8  repetition            60/60            60/60
bm25             8  revision               0/48          108/270
bm25            16  composition           2/100          198/417
bm25            16  contamination          51/51            51/51
bm25            16  isolation             28/48           60/112
bm25            16  pinning                1/16            40/81
bm25            16  promotion             13/13            13/13
bm25            16  repetition            60/60            60/60
bm25            16  revision               0/48          146/270

JSON report: /home/itsatony/code/loom/results/naturalize-batch-v1/harness-natural-seed-10.json
