dataset: /home/itsatony/code/loom/datasets/frames-batch-v1/seed-19 (318 episodes, 617 queries)

condition                 rep+      rep-     comp+     comp-  rev.flip   rev.ret   find=
always-true              60/60      0/60     80/80      0/75      0/24     24/24    0/20
always-false              0/60     60/60      0/80     75/75     24/24      0/24    0/20
episode-grep             60/60     59/60      0/80     75/75     24/24      0/24    0/20
stale-oracle             60/60     60/60     80/80     75/75      0/24     24/24   15/20
oracle                   60/60     60/60     80/80     75/75     24/24     24/24   20/20
loom-C2a                 60/60     60/60     80/80     75/75     24/24     24/24   20/20
loom-c2b-det              1/60     60/60      0/80     75/75     24/24      0/24    0/20
frame-oracle             60/60     60/60     80/80     75/75     24/24     24/24   20/20
mono-world               60/60     59/60     79/80     70/75     20/24     23/24    9/20
isolationist             60/60     60/60     80/80     75/75     24/24     24/24   20/20
literalist               60/60     60/60     80/80     75/75     24/24     24/24   20/20

frame slices (traps are negatives, paired controls positives):
condition                cont+     cont-      iso+      iso-      pin+      pin-     prom+     prom-    mis=   idea=
always-true              52/52      0/52     47/47      0/27     16/16      0/16     14/14      0/10    0/20    6/20
always-false              0/52     52/52      0/47     27/27      0/16     16/16      0/14     10/10    0/20    6/20
episode-grep             52/52      0/52     27/47     19/27      6/16     10/16     14/14      0/10    0/20    0/20
stale-oracle             52/52     52/52     22/47     17/27     15/16      1/16     10/14     10/10    0/20   10/20
oracle                   52/52     52/52     19/47     19/27      8/16      8/16     10/14     10/10    0/20   10/20
loom-C2a                 52/52     52/52     47/47     27/27     16/16     16/16     14/14     10/10   20/20   20/20
loom-c2b-det              0/52     52/52      0/47     27/27      0/16     16/16      0/14     10/10    0/20    6/20
frame-oracle             52/52     52/52     47/47     27/27     16/16     16/16     14/14     10/10   20/20   20/20
mono-world               52/52      6/52     46/47      1/27      7/16      9/16     14/14      0/10    0/20    0/20
isolationist             52/52     52/52     15/47     27/27      0/16     16/16     14/14     10/10   16/20   20/20
literalist               52/52     40/52     47/47     27/27     16/16     16/16     14/14     10/10   20/20   20/20

contamination by sub-population (trap-/control+ correct):
condition               contradiction              gap            quote          sarcasm
always-true                0/20/20/20       0/20/20/20          0/6/6/6          0/6/6/6
always-false               20/20/0/20       20/20/0/20          6/6/0/6          6/6/0/6
episode-grep               0/20/20/20       0/20/20/20          0/6/6/6          0/6/6/6
stale-oracle              20/20/20/20      20/20/20/20          6/6/6/6          6/6/6/6
oracle                    20/20/20/20      20/20/20/20          6/6/6/6          6/6/6/6
loom-C2a                  20/20/20/20      20/20/20/20          6/6/6/6          6/6/6/6
loom-c2b-det               20/20/0/20       20/20/0/20          6/6/0/6          6/6/0/6
frame-oracle              20/20/20/20      20/20/20/20          6/6/6/6          6/6/6/6
mono-world                 0/20/20/20       0/20/20/20          0/6/6/6          6/6/6/6
isolationist              20/20/20/20      20/20/20/20          6/6/6/6          6/6/6/6
literalist                20/20/20/20      20/20/20/20          0/6/6/6          0/6/6/6

composition accuracy by derivation depth:
condition                  d2       d3
always-true              0.52     0.50
always-false             0.48     0.50
episode-grep             0.48     0.50
stale-oracle             1.00     1.00
oracle                   1.00     1.00
loom-C2a                 1.00     1.00
loom-c2b-det             0.48     0.50
frame-oracle             1.00     1.00
mono-world               0.97     0.83
isolationist             1.00     1.00
literalist               1.00     1.00

retrieval provenance probe (upper bound for RAG conditions):

[bm25]
retriever        k  slice         full-coverage   episode-recall
bm25             4  composition           0/100           84/711
bm25             4  contamination          46/52            46/52
bm25             4  isolation             20/47           35/171
bm25             4  pinning                7/16            14/87
bm25             4  promotion             14/14            14/14
bm25             4  repetition            55/60            55/60
bm25             4  revision               0/48           54/408
bm25             8  composition           0/100          108/711
bm25             8  contamination          51/52            51/52
bm25             8  isolation             25/47           45/171
bm25             8  pinning                7/16            17/87
bm25             8  promotion             14/14            14/14
bm25             8  repetition            59/60            59/60
bm25             8  revision               0/48           91/408
bm25            16  composition           0/100          149/711
bm25            16  contamination          52/52            52/52
bm25            16  isolation             27/47           58/171
bm25            16  pinning                7/16            22/87
bm25            16  promotion             14/14            14/14
bm25            16  repetition            60/60            60/60
bm25            16  revision               1/48          123/408

JSON report: /home/itsatony/code/loom/results/naturalize-batch-v1/harness-natural-seed-19.json
