dataset: /home/itsatony/code/loom/datasets/frames-batch-v1/seed-16 (269 episodes, 622 queries)

condition                 rep+      rep-     comp+     comp-  rev.flip   rev.ret   find=
always-true              60/60      0/59     80/80      0/80      0/24     24/24    0/20
always-false              0/60     59/59      0/80     80/80     24/24      0/24    0/20
episode-grep             60/60     58/59      0/80     80/80     24/24      0/24    0/20
stale-oracle             60/60     59/59     80/80     80/80      0/24     24/24   18/20
oracle                   60/60     59/59     80/80     80/80     24/24     24/24   20/20
loom-C2a                 60/60     59/59     80/80     80/80     24/24     24/24   20/20
loom-c2b-det              0/60     59/59      0/80     80/80     24/24      0/24    0/20
frame-oracle             60/60     59/59     80/80     80/80     24/24     24/24   20/20
mono-world               60/60     58/59     80/80     55/80     23/24     23/24   18/20
isolationist             60/60     59/59     80/80     80/80     24/24     24/24   20/20
literalist               60/60     59/59     80/80     79/80     24/24     24/24   20/20

frame slices (traps are negatives, paired controls positives):
condition                cont+     cont-      iso+      iso-      pin+      pin-     prom+     prom-    mis=   idea=
always-true              52/52      0/52     47/47      0/26     16/16      0/16     16/16      0/10    0/20    6/20
always-false              0/52     52/52      0/47     26/26      0/16     16/16      0/16     10/10    0/20    6/20
episode-grep             52/52      0/52     26/47     18/26      4/16     12/16     16/16      0/10    0/20    0/20
stale-oracle             52/52     52/52     18/47     18/26      9/16      7/16     12/16     10/10    0/20   10/20
oracle                   52/52     52/52     18/47     18/26      8/16      8/16     12/16     10/10    0/20   10/20
loom-C2a                 52/52     52/52     47/47     26/26     16/16     16/16     16/16     10/10   20/20   20/20
loom-c2b-det              0/52     52/52      0/47     26/26      0/16     16/16      0/16     10/10    0/20    6/20
frame-oracle             52/52     52/52     47/47     26/26     16/16     16/16     16/16     10/10   20/20   20/20
mono-world               52/52      6/52     43/47      3/26      8/16      8/16     16/16      0/10    0/20    0/20
isolationist             52/52     52/52     15/47     26/26      0/16     16/16     16/16     10/10   16/20   17/20
literalist               52/52     40/52     47/47     26/26     16/16     16/16     16/16     10/10   20/20   20/20

contamination by sub-population (trap-/control+ correct):
condition               contradiction              gap            quote          sarcasm
always-true                0/20/20/20       0/20/20/20          0/6/6/6          0/6/6/6
always-false               20/20/0/20       20/20/0/20          6/6/0/6          6/6/0/6
episode-grep               0/20/20/20       0/20/20/20          0/6/6/6          0/6/6/6
stale-oracle              20/20/20/20      20/20/20/20          6/6/6/6          6/6/6/6
oracle                    20/20/20/20      20/20/20/20          6/6/6/6          6/6/6/6
loom-C2a                  20/20/20/20      20/20/20/20          6/6/6/6          6/6/6/6
loom-c2b-det               20/20/0/20       20/20/0/20          6/6/0/6          6/6/0/6
frame-oracle              20/20/20/20      20/20/20/20          6/6/6/6          6/6/6/6
mono-world                 0/20/20/20       0/20/20/20          0/6/6/6          6/6/6/6
isolationist              20/20/20/20      20/20/20/20          6/6/6/6          6/6/6/6
literalist                20/20/20/20      20/20/20/20          0/6/6/6          0/6/6/6

composition accuracy by derivation depth:
condition                  d2
always-true              0.50
always-false             0.50
episode-grep             0.50
stale-oracle             1.00
oracle                   1.00
loom-C2a                 1.00
loom-c2b-det             0.50
frame-oracle             1.00
mono-world               0.84
isolationist             1.00
literalist               0.99

retrieval provenance probe (upper bound for RAG conditions):

[bm25]
retriever        k  slice         full-coverage   episode-recall
bm25             4  composition           0/100          135/687
bm25             4  contamination          49/52            49/52
bm25             4  isolation             23/47           44/150
bm25             4  pinning                3/16            16/71
bm25             4  promotion             16/16            16/16
bm25             4  repetition            57/60            57/60
bm25             4  revision               0/48           33/346
bm25             8  composition           0/100          192/687
bm25             8  contamination          52/52            52/52
bm25             8  isolation             27/47           57/150
bm25             8  pinning                4/16            22/71
bm25             8  promotion             16/16            16/16
bm25             8  repetition            60/60            60/60
bm25             8  revision               0/48           72/346
bm25            16  composition           0/100          284/687
bm25            16  contamination          52/52            52/52
bm25            16  isolation             27/47           68/150
bm25            16  pinning                5/16            35/71
bm25            16  promotion             16/16            16/16
bm25            16  repetition            60/60            60/60
bm25            16  revision               0/48          120/346

JSON report: /home/itsatony/code/loom/results/naturalize-batch-v1/harness-natural-seed-16.json
