dataset: /home/itsatony/code/loom/datasets/frames-batch-v1/seed-12 (340 episodes, 625 queries)

condition                 rep+      rep-     comp+     comp-  rev.flip   rev.ret   find=
always-true              60/60      0/60     80/80      0/80      0/24     24/24    0/20
always-false              0/60     60/60      0/80     80/80     24/24      0/24    0/20
episode-grep             60/60     60/60      0/80     80/80     24/24      0/24    0/20
stale-oracle             60/60     60/60     80/80     80/80      0/24     24/24   15/20
oracle                   60/60     60/60     80/80     80/80     24/24     24/24   20/20
loom-C2a                 60/60     60/60     80/80     80/80     24/24     24/24   20/20
loom-c2b-det              0/60     60/60      0/80     80/80     24/24      0/24    0/20
frame-oracle             60/60     60/60     80/80     80/80     24/24     24/24   20/20
mono-world               60/60     60/60     74/80     78/80     24/24     24/24    9/20
isolationist             60/60     60/60     80/80     80/80     24/24     24/24   20/20
literalist               60/60     60/60     80/80     80/80     24/24     24/24   20/20

frame slices (traps are negatives, paired controls positives):
condition                cont+     cont-      iso+      iso-      pin+      pin-     prom+     prom-    mis=   idea=
always-true              52/52      0/52     47/47      0/28     16/16      0/16     16/16      0/10    0/20    6/20
always-false              0/52     52/52      0/47     28/28      0/16     16/16      0/16     10/10    0/20    6/20
episode-grep             52/52      0/52     27/47     20/28      1/16     15/16     16/16      0/10    0/20    0/20
stale-oracle             52/52     52/52     19/47     20/28     10/16      6/16     12/16     10/10    0/20   10/20
oracle                   52/52     52/52     19/47     20/28      9/16      7/16     12/16     10/10    0/20   10/20
loom-C2a                 52/52     52/52     47/47     28/28     16/16     16/16     16/16     10/10   20/20   20/20
loom-c2b-det              0/52     52/52      0/47     28/28      0/16     16/16      0/16     10/10    0/20    6/20
frame-oracle             52/52     52/52     47/47     28/28     16/16     16/16     16/16     10/10   20/20   20/20
mono-world               52/52      6/52     39/47      8/28      9/16      7/16     16/16      0/10    0/20    0/20
isolationist             52/52     52/52     15/47     28/28      0/16     16/16     16/16     10/10   16/20   16/20
literalist               52/52     40/52     47/47     28/28     16/16     16/16     16/16     10/10   20/20   20/20

contamination by sub-population (trap-/control+ correct):
condition               contradiction              gap            quote          sarcasm
always-true                0/20/20/20       0/20/20/20          0/6/6/6          0/6/6/6
always-false               20/20/0/20       20/20/0/20          6/6/0/6          6/6/0/6
episode-grep               0/20/20/20       0/20/20/20          0/6/6/6          0/6/6/6
stale-oracle              20/20/20/20      20/20/20/20          6/6/6/6          6/6/6/6
oracle                    20/20/20/20      20/20/20/20          6/6/6/6          6/6/6/6
loom-C2a                  20/20/20/20      20/20/20/20          6/6/6/6          6/6/6/6
loom-c2b-det               20/20/0/20       20/20/0/20          6/6/0/6          6/6/0/6
frame-oracle              20/20/20/20      20/20/20/20          6/6/6/6          6/6/6/6
mono-world                 0/20/20/20       0/20/20/20          0/6/6/6          6/6/6/6
isolationist              20/20/20/20      20/20/20/20          6/6/6/6          6/6/6/6
literalist                20/20/20/20      20/20/20/20          0/6/6/6          0/6/6/6

composition accuracy by derivation depth:
condition                  d3
always-true              0.50
always-false             0.50
episode-grep             0.50
stale-oracle             1.00
oracle                   1.00
loom-C2a                 1.00
loom-c2b-det             0.50
frame-oracle             1.00
mono-world               0.95
isolationist             1.00
literalist               1.00

retrieval provenance probe (upper bound for RAG conditions):

[bm25]
retriever        k  slice         full-coverage   episode-recall
bm25             4  composition           0/100          107/980
bm25             4  contamination          49/52            49/52
bm25             4  isolation             24/47           44/187
bm25             4  pinning                1/16            16/96
bm25             4  promotion             16/16            16/16
bm25             4  repetition            59/60            59/60
bm25             4  revision               0/48           54/251
bm25             8  composition           0/100          191/980
bm25             8  contamination          52/52            52/52
bm25             8  isolation             27/47           64/187
bm25             8  pinning                1/16            28/96
bm25             8  promotion             16/16            16/16
bm25             8  repetition            60/60            60/60
bm25             8  revision               0/48           90/251
bm25            16  composition           0/100          279/980
bm25            16  contamination          52/52            52/52
bm25            16  isolation             27/47           84/187
bm25            16  pinning                1/16            38/96
bm25            16  promotion             16/16            16/16
bm25            16  repetition            60/60            60/60
bm25            16  revision               0/48          121/251

JSON report: /home/itsatony/code/loom/results/naturalize-batch-v1/harness-natural-seed-12.json
