dataset: /home/itsatony/code/loom/datasets/frames-batch-v1/seed-22 (276 episodes, 615 queries)

condition                 rep+      rep-     comp+     comp-  rev.flip   rev.ret   find=
always-true              60/60      0/59     80/80      0/75      0/24     24/24    0/20
always-false              0/60     59/59      0/80     75/75     24/24      0/24    0/20
episode-grep             60/60     59/59      0/80     75/75     24/24      0/24    0/20
stale-oracle             60/60     59/59     80/80     75/75      0/24     24/24   16/20
oracle                   60/60     59/59     80/80     75/75     24/24     24/24   20/20
loom-C2a                 60/60     59/59     80/80     75/75     24/24     24/24   20/20
loom-c2b-det              0/60     59/59      0/80     75/75     24/24      0/24    0/20
frame-oracle             60/60     59/59     80/80     75/75     24/24     24/24   20/20
mono-world               60/60     59/59     80/80     67/75     24/24     20/24   14/20
isolationist             60/60     59/59     80/80     75/75     24/24     24/24   20/20
literalist               60/60     59/59     80/80     73/75     24/24     24/24   20/20

frame slices (traps are negatives, paired controls positives):
condition                cont+     cont-      iso+      iso-      pin+      pin-     prom+     prom-    mis=   idea=
always-true              50/50      0/50     47/47      0/28     16/16      0/16     16/16      0/10    0/20    6/20
always-false              0/50     50/50      0/47     28/28      0/16     16/16      0/16     10/10    0/20    6/20
episode-grep             50/50      0/50     27/47     20/28      1/16     15/16     16/16      0/10    0/20    0/20
stale-oracle             50/50     50/50     19/47     20/28     13/16      3/16     12/16     10/10    0/20   10/20
oracle                   50/50     50/50     19/47     20/28      8/16      8/16     12/16     10/10    0/20   10/20
loom-C2a                 50/50     50/50     47/47     28/28     16/16     16/16     16/16     10/10   20/20   20/20
loom-c2b-det              0/50     50/50      0/47     28/28      0/16     16/16      0/16     10/10    0/20    6/20
frame-oracle             50/50     50/50     47/47     28/28     16/16     16/16     16/16     10/10   20/20   20/20
mono-world               50/50      4/50     40/47      7/28      7/16      9/16     16/16      0/10    0/20    0/20
isolationist             50/50     50/50     15/47     28/28      0/16     16/16     16/16     10/10   16/20   16/20
literalist               50/50     40/50     47/47     25/28     16/16     16/16     16/16     10/10   20/20   20/20

contamination by sub-population (trap-/control+ correct):
condition               contradiction              gap            quote          sarcasm
always-true                0/20/20/20       0/20/20/20          0/6/6/6          0/4/4/4
always-false               20/20/0/20       20/20/0/20          6/6/0/6          4/4/0/4
episode-grep               0/20/20/20       0/20/20/20          0/6/6/6          0/4/4/4
stale-oracle              20/20/20/20      20/20/20/20          6/6/6/6          4/4/4/4
oracle                    20/20/20/20      20/20/20/20          6/6/6/6          4/4/4/4
loom-C2a                  20/20/20/20      20/20/20/20          6/6/6/6          4/4/4/4
loom-c2b-det               20/20/0/20       20/20/0/20          6/6/0/6          4/4/0/4
frame-oracle              20/20/20/20      20/20/20/20          6/6/6/6          4/4/4/4
mono-world                 0/20/20/20       0/20/20/20          0/6/6/6          4/4/4/4
isolationist              20/20/20/20      20/20/20/20          6/6/6/6          4/4/4/4
literalist                20/20/20/20      20/20/20/20          0/6/6/6          0/4/4/4

composition accuracy by derivation depth:
condition                  d2
always-true              0.52
always-false             0.48
episode-grep             0.48
stale-oracle             1.00
oracle                   1.00
loom-C2a                 1.00
loom-c2b-det             0.48
frame-oracle             1.00
mono-world               0.95
isolationist             1.00
literalist               0.99

retrieval provenance probe (upper bound for RAG conditions):

[bm25]
retriever        k  slice         full-coverage   episode-recall
bm25             4  composition           0/100           89/689
bm25             4  contamination          46/50            46/50
bm25             4  isolation             23/47           41/159
bm25             4  pinning                0/16             8/84
bm25             4  promotion             15/16            15/16
bm25             4  repetition            53/60            53/60
bm25             4  revision               0/48           27/284
bm25             8  composition           0/100          190/689
bm25             8  contamination          50/50            50/50
bm25             8  isolation             27/47           55/159
bm25             8  pinning                1/16            24/84
bm25             8  promotion             16/16            16/16
bm25             8  repetition            58/60            58/60
bm25             8  revision               0/48           54/284
bm25            16  composition           0/100          293/689
bm25            16  contamination          50/50            50/50
bm25            16  isolation             27/47           72/159
bm25            16  pinning                1/16            31/84
bm25            16  promotion             16/16            16/16
bm25            16  repetition            60/60            60/60
bm25            16  revision               0/48           84/284

JSON report: /home/itsatony/code/loom/results/naturalize-batch-v1/harness-natural-seed-22.json
