dataset: /home/itsatony/code/loom/datasets/frames-batch-v1/seed-3 (267 episodes, 612 queries)

condition                 rep+      rep-     comp+     comp-  rev.flip   rev.ret   find=
always-true              60/60      0/59     80/80      0/72      0/24     24/24    0/20
always-false              0/60     59/59      0/80     72/72     24/24      0/24    0/20
episode-grep             60/60     53/59      0/80     72/72     24/24      0/24    0/20
stale-oracle             60/60     59/59     80/80     72/72      0/24     24/24    6/20
oracle                   60/60     59/59     80/80     72/72     24/24     24/24   20/20
loom-C2a                 60/60     59/59     80/80     72/72     24/24     24/24   20/20
loom-c2b-det              0/60     59/59      0/80     72/72     24/24      0/24    0/20
frame-oracle             60/60     59/59     80/80     72/72     24/24     24/24   20/20
mono-world               60/60     53/59     68/80     66/72     24/24     23/24   14/20
isolationist             60/60     59/59     80/80     72/72     24/24     24/24   20/20
literalist               60/60     59/59     80/80     72/72     24/24     24/24   18/20

frame slices (traps are negatives, paired controls positives):
condition                cont+     cont-      iso+      iso-      pin+      pin-     prom+     prom-    mis=   idea=
always-true              51/51      0/51     45/45      0/28     16/16      0/16     16/16      0/10    0/20    6/20
always-false              0/51     51/51      0/45     28/28      0/16     16/16      0/16     10/10    0/20    6/20
episode-grep             51/51      0/51     25/45     20/28      4/16     12/16     16/16      0/10    0/20    0/20
stale-oracle             51/51     51/51     21/45     16/28     16/16      0/16     12/16     10/10    0/20   10/20
oracle                   51/51     51/51     17/45     20/28      8/16      8/16     12/16     10/10    0/20   10/20
loom-C2a                 51/51     51/51     45/45     28/28     16/16     16/16     16/16     10/10   20/20   20/20
loom-c2b-det              0/51     51/51      0/45     28/28      0/16     16/16      0/16     10/10    0/20    6/20
frame-oracle             51/51     51/51     45/45     28/28     16/16     16/16     16/16     10/10   20/20   20/20
mono-world               51/51      5/51     41/45      4/28      8/16      8/16     16/16      0/10    0/20    0/20
isolationist             51/51     51/51     13/45     28/28      0/16     16/16     16/16     10/10   16/20   17/20
literalist               51/51     40/51     45/45     28/28     16/16     16/16     16/16     10/10   20/20   20/20

contamination by sub-population (trap-/control+ correct):
condition               contradiction              gap            quote          sarcasm
always-true                0/20/20/20       0/20/20/20          0/6/6/6          0/5/5/5
always-false               20/20/0/20       20/20/0/20          6/6/0/6          5/5/0/5
episode-grep               0/20/20/20       0/20/20/20          0/6/6/6          0/5/5/5
stale-oracle              20/20/20/20      20/20/20/20          6/6/6/6          5/5/5/5
oracle                    20/20/20/20      20/20/20/20          6/6/6/6          5/5/5/5
loom-C2a                  20/20/20/20      20/20/20/20          6/6/6/6          5/5/5/5
loom-c2b-det               20/20/0/20       20/20/0/20          6/6/0/6          5/5/0/5
frame-oracle              20/20/20/20      20/20/20/20          6/6/6/6          5/5/5/5
mono-world                 0/20/20/20       0/20/20/20          0/6/6/6          5/5/5/5
isolationist              20/20/20/20      20/20/20/20          6/6/6/6          5/5/5/5
literalist                20/20/20/20      20/20/20/20          0/6/6/6          0/5/5/5

composition accuracy by derivation depth:
condition                  d1       d2       d3
always-true              0.50     0.55     0.52
always-false             0.50     0.45     0.48
episode-grep             0.50     0.45     0.48
stale-oracle             1.00     1.00     1.00
oracle                   1.00     1.00     1.00
loom-C2a                 1.00     1.00     1.00
loom-c2b-det             0.50     0.45     0.48
frame-oracle             1.00     1.00     1.00
mono-world               0.88     0.83     0.96
isolationist             1.00     1.00     1.00
literalist               1.00     1.00     1.00

retrieval provenance probe (upper bound for RAG conditions):

[bm25]
retriever        k  slice         full-coverage   episode-recall
bm25             4  composition           0/100           69/752
bm25             4  contamination          43/51            43/51
bm25             4  isolation             18/45           39/118
bm25             4  pinning                3/16            10/61
bm25             4  promotion             13/16            13/16
bm25             4  repetition            53/60            53/60
bm25             4  revision               0/48           31/260
bm25             8  composition           0/100          123/752
bm25             8  contamination          48/51            48/51
bm25             8  isolation             23/45           53/118
bm25             8  pinning                4/16            18/61
bm25             8  promotion             15/16            15/16
bm25             8  repetition            59/60            59/60
bm25             8  revision               0/48           80/260
bm25            16  composition           2/100          245/752
bm25            16  contamination          51/51            51/51
bm25            16  isolation             26/45           77/118
bm25            16  pinning                4/16            25/61
bm25            16  promotion             16/16            16/16
bm25            16  repetition            60/60            60/60
bm25            16  revision               0/48          120/260

JSON report: /home/itsatony/code/loom/results/naturalize-batch-v1/harness-natural-seed-3.json
