dataset: /home/itsatony/code/loom/datasets/frames-batch-v1/seed-18 (276 episodes, 593 queries)

condition                 rep+      rep-     comp+     comp-  rev.flip   rev.ret   find=
always-true              60/60      0/58     80/80      0/75      0/24     24/24    0/20
always-false              0/60     58/58      0/80     75/75     24/24      0/24    0/20
episode-grep             60/60     58/58      0/80     75/75     24/24      0/24    0/20
stale-oracle             60/60     58/58     80/80     75/75      0/24     24/24   17/20
oracle                   60/60     58/58     80/80     75/75     24/24     24/24   20/20
loom-C2a                 60/60     58/58     80/80     75/75     24/24     24/24   20/20
loom-c2b-det              1/60     58/58      0/80     75/75     24/24      0/24    0/20
frame-oracle             60/60     58/58     80/80     75/75     24/24     24/24   20/20
mono-world               60/60     58/58     80/80     53/75     24/24     24/24   20/20
isolationist             60/60     58/58     80/80     75/75     24/24     24/24   20/20
literalist               60/60     58/58     80/80     75/75     24/24     24/24   20/20

frame slices (traps are negatives, paired controls positives):
condition                cont+     cont-      iso+      iso-      pin+      pin-     prom+     prom-    mis=   idea=
always-true              52/52      0/52     35/35      0/15     16/16      0/16     16/16      0/10    0/20    6/20
always-false              0/52     52/52      0/35     15/15      0/16     16/16      0/16     10/10    0/20    6/20
episode-grep             52/52      0/52     25/35      7/15      4/16     12/16     16/16      0/10    0/20    0/20
stale-oracle             52/52     52/52     17/35      7/15      9/16      7/16     12/16     10/10    0/20   10/20
oracle                   52/52     52/52     17/35      7/15      8/16      8/16     12/16     10/10    0/20   10/20
loom-C2a                 52/52     52/52     35/35     15/15     16/16     16/16     16/16     10/10   20/20   20/20
loom-c2b-det              0/52     52/52      1/35     14/15      0/16     16/16      0/16     10/10    0/20    6/20
frame-oracle             52/52     52/52     35/35     15/15     16/16     16/16     16/16     10/10   20/20   20/20
mono-world               52/52      6/52     32/35      3/15      8/16      8/16     16/16      0/10    0/20    0/20
isolationist             52/52     52/52     13/35     15/15      0/16     16/16     16/16     10/10   16/20   17/20
literalist               52/52     40/52     35/35     15/15     16/16     16/16     16/16     10/10   20/20   20/20

contamination by sub-population (trap-/control+ correct):
condition               contradiction              gap            quote          sarcasm
always-true                0/20/20/20       0/20/20/20          0/6/6/6          0/6/6/6
always-false               20/20/0/20       20/20/0/20          6/6/0/6          6/6/0/6
episode-grep               0/20/20/20       0/20/20/20          0/6/6/6          0/6/6/6
stale-oracle              20/20/20/20      20/20/20/20          6/6/6/6          6/6/6/6
oracle                    20/20/20/20      20/20/20/20          6/6/6/6          6/6/6/6
loom-C2a                  20/20/20/20      20/20/20/20          6/6/6/6          6/6/6/6
loom-c2b-det               20/20/0/20       20/20/0/20          6/6/0/6          6/6/0/6
frame-oracle              20/20/20/20      20/20/20/20          6/6/6/6          6/6/6/6
mono-world                 0/20/20/20       0/20/20/20          0/6/6/6          6/6/6/6
isolationist              20/20/20/20      20/20/20/20          6/6/6/6          6/6/6/6
literalist                20/20/20/20      20/20/20/20          0/6/6/6          0/6/6/6

composition accuracy by derivation depth:
condition                  d1
always-true              0.52
always-false             0.48
episode-grep             0.48
stale-oracle             1.00
oracle                   1.00
loom-C2a                 1.00
loom-c2b-det             0.48
frame-oracle             1.00
mono-world               0.86
isolationist             1.00
literalist               1.00

retrieval provenance probe (upper bound for RAG conditions):

[bm25]
retriever        k  slice         full-coverage   episode-recall
bm25             4  composition           0/100           28/468
bm25             4  contamination          50/52            50/52
bm25             4  isolation             24/35            26/71
bm25             4  pinning                4/16            16/75
bm25             4  promotion             14/16            14/16
bm25             4  repetition            55/60            55/60
bm25             4  revision               0/48           65/264
bm25             8  composition           0/100           65/468
bm25             8  contamination          52/52            52/52
bm25             8  isolation             25/35            36/71
bm25             8  pinning                4/16            17/75
bm25             8  promotion             16/16            16/16
bm25             8  repetition            60/60            60/60
bm25             8  revision               0/48           86/264
bm25            16  composition           1/100          173/468
bm25            16  contamination          52/52            52/52
bm25            16  isolation             25/35            41/71
bm25            16  pinning                4/16            22/75
bm25            16  promotion             16/16            16/16
bm25            16  repetition            60/60            60/60
bm25            16  revision               1/48          126/264

JSON report: /home/itsatony/code/loom/results/naturalize-batch-v1/harness-natural-seed-18.json
