dataset: /home/itsatony/code/loom/datasets/frames-batch-v1/seed-29 (307 episodes, 622 queries)

condition                 rep+      rep-     comp+     comp-  rev.flip   rev.ret   find=
always-true              60/60      0/60     80/80      0/78      0/24     24/24    0/20
always-false              0/60     60/60      0/80     78/78     24/24      0/24    0/20
episode-grep             60/60     60/60      0/80     78/78     24/24      0/24    0/20
stale-oracle             60/60     60/60     80/80     78/78      0/24     24/24    3/20
oracle                   60/60     60/60     80/80     78/78     24/24     24/24   20/20
loom-C2a                 60/60     60/60     80/80     78/78     24/24     24/24   20/20
loom-c2b-det              2/60     60/60      0/80     78/78     24/24      0/24    0/20
frame-oracle             60/60     60/60     80/80     78/78     24/24     24/24   20/20
mono-world               60/60     60/60     80/80     74/78     23/24     23/24   16/20
isolationist             60/60     60/60     80/80     78/78     24/24     24/24   20/20
literalist               60/60     60/60     80/80     78/78     24/24     24/24   20/20

frame slices (traps are negatives, paired controls positives):
condition                cont+     cont-      iso+      iso-      pin+      pin-     prom+     prom-    mis=   idea=
always-true              52/52      0/52     46/46      0/28     16/16      0/16     16/16      0/10    0/20    6/20
always-false              0/52     52/52      0/46     28/28      0/16     16/16      0/16     10/10    0/20    6/20
episode-grep             52/52      0/52     26/46     20/28      2/16     14/16     16/16      0/10    0/20    0/20
stale-oracle             52/52     52/52     18/46     20/28     13/16      3/16     12/16     10/10    0/20   10/20
oracle                   52/52     52/52     18/46     20/28      8/16      8/16     12/16     10/10    0/20   10/20
loom-C2a                 52/52     52/52     46/46     28/28     16/16     16/16     16/16     10/10   20/20   20/20
loom-c2b-det              0/52     52/52      0/46     28/28      0/16     16/16      0/16     10/10    0/20    6/20
frame-oracle             52/52     52/52     46/46     28/28     16/16     16/16     16/16     10/10   20/20   20/20
mono-world               52/52      6/52     39/46      7/28      6/16     10/16     16/16      0/10    0/20    0/20
isolationist             52/52     52/52     14/46     28/28      0/16     16/16     16/16     10/10   16/20   18/20
literalist               52/52     40/52     46/46     28/28     16/16     16/16     16/16     10/10   20/20   20/20

contamination by sub-population (trap-/control+ correct):
condition               contradiction              gap            quote          sarcasm
always-true                0/20/20/20       0/20/20/20          0/6/6/6          0/6/6/6
always-false               20/20/0/20       20/20/0/20          6/6/0/6          6/6/0/6
episode-grep               0/20/20/20       0/20/20/20          0/6/6/6          0/6/6/6
stale-oracle              20/20/20/20      20/20/20/20          6/6/6/6          6/6/6/6
oracle                    20/20/20/20      20/20/20/20          6/6/6/6          6/6/6/6
loom-C2a                  20/20/20/20      20/20/20/20          6/6/6/6          6/6/6/6
loom-c2b-det               20/20/0/20       20/20/0/20          6/6/0/6          6/6/0/6
frame-oracle              20/20/20/20      20/20/20/20          6/6/6/6          6/6/6/6
mono-world                 0/20/20/20       0/20/20/20          0/6/6/6          6/6/6/6
isolationist              20/20/20/20      20/20/20/20          6/6/6/6          6/6/6/6
literalist                20/20/20/20      20/20/20/20          0/6/6/6          0/6/6/6

composition accuracy by derivation depth:
condition                  d2       d3
always-true              0.51     0.50
always-false             0.49     0.50
episode-grep             0.49     0.50
stale-oracle             1.00     1.00
oracle                   1.00     1.00
loom-C2a                 1.00     1.00
loom-c2b-det             0.49     0.50
frame-oracle             1.00     1.00
mono-world               0.98     0.94
isolationist             1.00     1.00
literalist               1.00     1.00

retrieval provenance probe (upper bound for RAG conditions):

[bm25]
retriever        k  slice         full-coverage   episode-recall
bm25             4  composition           0/100           81/639
bm25             4  contamination          43/52            43/52
bm25             4  isolation             20/46           33/147
bm25             4  pinning                1/16            11/83
bm25             4  promotion             14/16            14/16
bm25             4  repetition            53/60            53/60
bm25             4  revision               0/48           40/325
bm25             8  composition           0/100          128/639
bm25             8  contamination          50/52            50/52
bm25             8  isolation             27/46           51/147
bm25             8  pinning                2/16            13/83
bm25             8  promotion             15/16            15/16
bm25             8  repetition            60/60            60/60
bm25             8  revision               0/48           69/325
bm25            16  composition           0/100          166/639
bm25            16  contamination          52/52            52/52
bm25            16  isolation             27/46           60/147
bm25            16  pinning                2/16            23/83
bm25            16  promotion             16/16            16/16
bm25            16  repetition            60/60            60/60
bm25            16  revision               0/48          113/325

JSON report: /home/itsatony/code/loom/results/naturalize-batch-v1/harness-natural-seed-29.json
